03-02-2023 09:15:16  INFO com.ttn.ecommerce.ECommerceApplication [restartedMain] Starting ECommerceApplication using Java 17.0.4.1 on TTNPL-joicevjoseph with PID 115830 (/home/joice/e-commerce/target/classes started by joice in /home/joice/e-commerce)
03-02-2023 09:15:16  DEBUG com.ttn.ecommerce.ECommerceApplication [restartedMain] Running with Spring Boot v2.7.5, Spring v5.3.23
03-02-2023 09:15:16  INFO com.ttn.ecommerce.ECommerceApplication [restartedMain] No active profile set, falling back to 1 default profile: "default"
03-02-2023 09:15:16  INFO org.springframework.boot.devtools.env.DevToolsPropertyDefaultsPostProcessor [restartedMain] Devtools property defaults active! Set 'spring.devtools.add-properties' to 'false' to disable
03-02-2023 09:15:16  INFO org.springframework.boot.devtools.env.DevToolsPropertyDefaultsPostProcessor [restartedMain] For additional web related logging consider setting the 'logging.level.web' property to 'DEBUG'
03-02-2023 09:15:17  INFO org.springframework.data.repository.config.RepositoryConfigurationDelegate [restartedMain] Bootstrapping Spring Data JPA repositories in DEFAULT mode.
03-02-2023 09:15:17  INFO org.springframework.data.repository.config.RepositoryConfigurationDelegate [restartedMain] Finished Spring Data repository scanning in 75 ms. Found 11 JPA repository interfaces.
03-02-2023 09:15:18  INFO org.springframework.boot.web.embedded.tomcat.TomcatWebServer [restartedMain] Tomcat initialized with port(s): 6587 (http)
03-02-2023 09:15:18  INFO org.apache.catalina.core.StandardService [restartedMain] Starting service [Tomcat]
03-02-2023 09:15:18  INFO org.apache.catalina.core.StandardEngine [restartedMain] Starting Servlet engine: [Apache Tomcat/9.0.68]
03-02-2023 09:15:18  INFO org.apache.catalina.core.ContainerBase.[Tomcat].[localhost].[/] [restartedMain] Initializing Spring embedded WebApplicationContext
03-02-2023 09:15:18  INFO org.springframework.boot.web.servlet.context.ServletWebServerApplicationContext [restartedMain] Root WebApplicationContext: initialization completed in 2567 ms
03-02-2023 09:15:18  INFO org.hibernate.jpa.internal.util.LogHelper [restartedMain] HHH000204: Processing PersistenceUnitInfo [name: default]
03-02-2023 09:15:18  INFO org.hibernate.Version [restartedMain] HHH000412: Hibernate ORM core version 5.6.12.Final
03-02-2023 09:15:19  INFO org.hibernate.annotations.common.Version [restartedMain] HCANN000001: Hibernate Commons Annotations {5.1.2.Final}
03-02-2023 09:15:19  INFO org.hibernate.dialect.Dialect [restartedMain] HHH000400: Using dialect: org.hibernate.dialect.MySQL8Dialect
03-02-2023 09:15:20  INFO org.hibernate.engine.transaction.jta.platform.internal.JtaPlatformInitiator [restartedMain] HHH000490: Using JtaPlatform implementation: [org.hibernate.engine.transaction.jta.platform.internal.NoJtaPlatform]
03-02-2023 09:15:20  INFO org.springframework.orm.jpa.LocalContainerEntityManagerFactoryBean [restartedMain] Initialized JPA EntityManagerFactory for persistence unit 'default'
03-02-2023 09:15:21  WARN org.springframework.boot.autoconfigure.orm.jpa.JpaBaseConfiguration$JpaWebConfiguration [restartedMain] spring.jpa.open-in-view is enabled by default. Therefore, database queries may be performed during view rendering. Explicitly configure spring.jpa.open-in-view to disable this warning
03-02-2023 09:15:22  INFO org.springframework.security.web.DefaultSecurityFilterChain [restartedMain] Will secure Or [Ant [pattern='/oauth/token'], Ant [pattern='/oauth/token_key'], Ant [pattern='/oauth/check_token']] with [org.springframework.security.web.session.DisableEncodeUrlFilter@6eb4625f, org.springframework.security.web.context.request.async.WebAsyncManagerIntegrationFilter@35a56ed6, org.springframework.security.web.context.SecurityContextPersistenceFilter@27183273, org.springframework.security.web.header.HeaderWriterFilter@293bfdfe, org.springframework.security.web.authentication.logout.LogoutFilter@1bf362b0, org.springframework.security.web.authentication.www.BasicAuthenticationFilter@2e17bc11, org.springframework.security.web.savedrequest.RequestCacheAwareFilter@695b723d, org.springframework.security.web.servletapi.SecurityContextHolderAwareRequestFilter@1f04f752, org.springframework.security.web.authentication.AnonymousAuthenticationFilter@30331309, org.springframework.security.web.session.SessionManagementFilter@61245272, org.springframework.security.web.access.ExceptionTranslationFilter@6db99e, org.springframework.security.web.access.intercept.FilterSecurityInterceptor@602cd180]
03-02-2023 09:15:22  INFO org.springframework.security.web.DefaultSecurityFilterChain [restartedMain] Will secure org.springframework.security.oauth2.config.annotation.web.configuration.ResourceServerConfiguration$NotOAuthRequestMatcher@764a23f1 with [org.springframework.security.web.session.DisableEncodeUrlFilter@1c0a3777, org.springframework.security.web.context.request.async.WebAsyncManagerIntegrationFilter@4ff9ded0, org.springframework.security.web.context.SecurityContextPersistenceFilter@2fcf6013, org.springframework.security.web.header.HeaderWriterFilter@43f27450, org.springframework.security.web.authentication.logout.LogoutFilter@5a57dc26, org.springframework.security.oauth2.provider.authentication.OAuth2AuthenticationProcessingFilter@602a8950, org.springframework.security.web.savedrequest.RequestCacheAwareFilter@24273366, org.springframework.security.web.servletapi.SecurityContextHolderAwareRequestFilter@74a78346, org.springframework.security.web.authentication.AnonymousAuthenticationFilter@1c8a1cc, org.springframework.security.web.session.SessionManagementFilter@7da0e620, org.springframework.security.web.access.ExceptionTranslationFilter@7c8efdb9, org.springframework.security.web.access.intercept.FilterSecurityInterceptor@4cb059ea]
03-02-2023 09:15:22  INFO org.springframework.security.web.DefaultSecurityFilterChain [restartedMain] Will secure any request with [org.springframework.security.web.session.DisableEncodeUrlFilter@1e62da9c, org.springframework.security.web.context.request.async.WebAsyncManagerIntegrationFilter@8304faf, org.springframework.security.web.context.SecurityContextPersistenceFilter@18d7992, org.springframework.security.web.header.HeaderWriterFilter@536f37f9, org.springframework.security.web.csrf.CsrfFilter@2b3956bc, org.springframework.security.web.authentication.logout.LogoutFilter@2b97219, org.springframework.security.web.authentication.UsernamePasswordAuthenticationFilter@8057d9b, org.springframework.security.web.authentication.ui.DefaultLoginPageGeneratingFilter@54b0dce2, org.springframework.security.web.authentication.ui.DefaultLogoutPageGeneratingFilter@2b7a0297, org.springframework.security.web.authentication.www.BasicAuthenticationFilter@45f2aec5, org.springframework.security.web.savedrequest.RequestCacheAwareFilter@1cb40550, org.springframework.security.web.servletapi.SecurityContextHolderAwareRequestFilter@364e39c0, org.springframework.security.web.authentication.AnonymousAuthenticationFilter@7bae15bb, org.springframework.security.web.session.SessionManagementFilter@60e04f84, org.springframework.security.web.access.ExceptionTranslationFilter@11a190bb, org.springframework.security.web.access.intercept.FilterSecurityInterceptor@3b95ba2d]
03-02-2023 09:15:23  INFO org.springframework.boot.devtools.autoconfigure.OptionalLiveReloadServer [restartedMain] LiveReload server is running on port 35729
03-02-2023 09:15:23  INFO org.springframework.boot.web.embedded.tomcat.TomcatWebServer [restartedMain] Tomcat started on port(s): 6587 (http) with context path ''
03-02-2023 09:15:23  INFO org.springframework.amqp.rabbit.connection.CachingConnectionFactory [restartedMain] Attempting to connect to: [localhost:5672]
03-02-2023 09:15:23  INFO org.springframework.amqp.rabbit.connection.CachingConnectionFactory [restartedMain] Created new connection: rabbitConnectionFactory#7d09fadb:0/SimpleConnection@53c744be [delegate=amqp://guest@127.0.0.1:5672/, localPort= 42902]
03-02-2023 09:15:23  INFO com.ttn.ecommerce.ECommerceApplication [restartedMain] Started ECommerceApplication in 8.287 seconds (JVM running for 8.909)
03-02-2023 09:15:23  INFO com.ttn.ecommerce.BootstrapCommandLineRunner [restartedMain] BootstrapCommandLineRunner::run execution started.
03-02-2023 09:15:24  INFO com.ttn.ecommerce.BootstrapCommandLineRunner [restartedMain] BootstrapCommandLineRunner::run execution ended.
03-02-2023 09:16:25  INFO org.apache.catalina.core.ContainerBase.[Tomcat].[localhost].[/] [http-nio-6587-exec-1] Initializing Spring DispatcherServlet 'dispatcherServlet'
03-02-2023 09:16:25  INFO org.springframework.web.servlet.DispatcherServlet [http-nio-6587-exec-1] Initializing Servlet 'dispatcherServlet'
03-02-2023 09:16:25  INFO org.springframework.web.servlet.DispatcherServlet [http-nio-6587-exec-1] Completed initialization in 2 ms
03-02-2023 09:16:25  WARN org.springframework.web.servlet.mvc.method.annotation.ExceptionHandlerExceptionResolver [http-nio-6587-exec-1] Resolved [org.springframework.web.bind.MethodArgumentNotValidException: Validation failed for argument [0] in public org.springframework.http.ResponseEntity<java.lang.String> com.ttn.ecommerce.controller.RegistrationController.registerUser(com.ttn.ecommerce.model.SellerDTO): [Field error in object 'sellerDTO' on field 'gst': rejected value [18AABCU9603R1PK]; codes [Pattern.sellerDTO.gst,Pattern.gst,Pattern.java.lang.String,Pattern]; arguments [org.springframework.context.support.DefaultMessageSourceResolvable: codes [sellerDTO.gst,gst]; arguments []; default message [gst],[Ljavax.validation.constraints.Pattern$Flag;@4cfe4417,^[0-9]{2}[A-Z]{5}[0-9]{4}[A-Z]{1}[1-9A-Z]{1}Z[0-9A-Z]{1}$]; default message [Enter a valid GST number]] ]
03-02-2023 09:16:34  INFO com.ttn.ecommerce.controller.RegistrationController [http-nio-6587-exec-3] RegistrationController::registerUser request body: SellerDTO(gst=18AABCU9603R1ZK, companyContact=9999999705, companyName=someComp, address=com.ttn.ecommerce.model.AddressDTO@72f13b10)
03-02-2023 09:16:34  INFO com.ttn.ecommerce.service.RegistrationService [http-nio-6587-exec-3] RegistrationService::createSeller execution started.
03-02-2023 09:16:34  ERROR com.ttn.ecommerce.service.RegistrationService [http-nio-6587-exec-3] RegistrationService::createSeller Exception occurred while persisting seller to the database
03-02-2023 09:16:34  WARN org.springframework.web.servlet.mvc.method.annotation.ExceptionHandlerExceptionResolver [http-nio-6587-exec-3] Resolved [com.ttn.ecommerce.exception.UserAlreadyExistsException: User with the provided email already exists.]
03-02-2023 09:16:42  INFO com.ttn.ecommerce.controller.RegistrationController [http-nio-6587-exec-6] RegistrationController::registerUser request body: SellerDTO(gst=18AABCU9603R1ZK, companyContact=9999999705, companyName=someComp, address=com.ttn.ecommerce.model.AddressDTO@63062350)
03-02-2023 09:16:42  INFO com.ttn.ecommerce.service.RegistrationService [http-nio-6587-exec-6] RegistrationService::createSeller execution started.
03-02-2023 09:16:42  DEBUG com.ttn.ecommerce.service.RegistrationService [http-nio-6587-exec-6] RegistrationService::createSeller persisting seller to the database
03-02-2023 09:16:42  INFO com.ttn.ecommerce.service.EmailService [http-nio-6587-exec-6] EmailService::sendAwaitingApprovalMail execution started.
03-02-2023 09:16:42  DEBUG com.ttn.ecommerce.service.EmailService [http-nio-6587-exec-6] EmailService::sendAwaitingApprovalMail composing email to send
03-02-2023 09:16:42  INFO com.ttn.ecommerce.service.EmailService [http-nio-6587-exec-6] EmailService::sendAwaitingApprovalMail execution ended.
03-02-2023 09:16:42  INFO com.ttn.ecommerce.service.RegistrationService [http-nio-6587-exec-6] RegistrationService::createSeller execution ended.
03-02-2023 09:16:42  INFO com.ttn.ecommerce.controller.RegistrationController [http-nio-6587-exec-6] RegistrationController::registerUser response: Seller has been registered successfully. Awaiting approval for account activation.
03-02-2023 09:16:42  WARN org.springframework.amqp.rabbit.listener.ConditionalRejectingErrorHandler [org.springframework.amqp.rabbit.RabbitListenerEndpointContainer#0-1] Execution of Rabbit message listener failed.
org.springframework.amqp.rabbit.support.ListenerExecutionFailedException: Failed to convert message
	at org.springframework.amqp.rabbit.listener.adapter.MessagingMessageListenerAdapter.onMessage(MessagingMessageListenerAdapter.java:157)
	at org.springframework.amqp.rabbit.listener.AbstractMessageListenerContainer.doInvokeListener(AbstractMessageListenerContainer.java:1670)
	at org.springframework.amqp.rabbit.listener.AbstractMessageListenerContainer.actualInvokeListener(AbstractMessageListenerContainer.java:1589)
	at org.springframework.amqp.rabbit.listener.AbstractMessageListenerContainer.invokeListener(AbstractMessageListenerContainer.java:1577)
	at org.springframework.amqp.rabbit.listener.AbstractMessageListenerContainer.doExecuteListener(AbstractMessageListenerContainer.java:1568)
	at org.springframework.amqp.rabbit.listener.AbstractMessageListenerContainer.executeListener(AbstractMessageListenerContainer.java:1512)
	at org.springframework.amqp.rabbit.listener.SimpleMessageListenerContainer.doReceiveAndExecute(SimpleMessageListenerContainer.java:994)
	at org.springframework.amqp.rabbit.listener.SimpleMessageListenerContainer.receiveAndExecute(SimpleMessageListenerContainer.java:941)
	at org.springframework.amqp.rabbit.listener.SimpleMessageListenerContainer.access$1600(SimpleMessageListenerContainer.java:85)
	at org.springframework.amqp.rabbit.listener.SimpleMessageListenerContainer$AsyncMessageProcessingConsumer.mainLoop(SimpleMessageListenerContainer.java:1319)
	at org.springframework.amqp.rabbit.listener.SimpleMessageListenerContainer$AsyncMessageProcessingConsumer.run(SimpleMessageListenerContainer.java:1225)
	at java.base/java.lang.Thread.run(Thread.java:833)
Caused by: org.springframework.amqp.support.converter.MessageConversionException: Failed to convert Message content
	at org.springframework.amqp.support.converter.AbstractJackson2MessageConverter.doFromMessage(AbstractJackson2MessageConverter.java:367)
	at org.springframework.amqp.support.converter.AbstractJackson2MessageConverter.fromMessage(AbstractJackson2MessageConverter.java:321)
	at org.springframework.amqp.support.converter.AbstractJackson2MessageConverter.fromMessage(AbstractJackson2MessageConverter.java:304)
	at org.springframework.amqp.rabbit.listener.adapter.AbstractAdaptableMessageListener.extractMessage(AbstractAdaptableMessageListener.java:343)
	at org.springframework.amqp.rabbit.listener.adapter.MessagingMessageListenerAdapter$MessagingMessageConverterAdapter.extractPayload(MessagingMessageListenerAdapter.java:367)
	at org.springframework.amqp.support.converter.MessagingMessageConverter.fromMessage(MessagingMessageConverter.java:132)
	at org.springframework.amqp.rabbit.listener.adapter.MessagingMessageListenerAdapter.toMessagingMessage(MessagingMessageListenerAdapter.java:244)
	at org.springframework.amqp.rabbit.listener.adapter.MessagingMessageListenerAdapter.onMessage(MessagingMessageListenerAdapter.java:147)
	... 11 common frames omitted
Caused by: com.fasterxml.jackson.databind.exc.MismatchedInputException: Cannot construct instance of `org.springframework.mail.SimpleMailMessage` (although at least one Creator exists): no String-argument constructor/factory method to deserialize from String value ('SimpleMailMessage: from=joice.joseph@tothenew.com; replyTo=null; to=mohid8312@breazeim.com; cc=; bcc=; sentDate=null; subject=Account Activation | Dummy Ecommerce Application; text=Hi Name,

 We're excited to have you get started. Your account is currently pending approval. 

- Team 'Dummy Ecommerce Application'')
 at [Source: (String)""SimpleMailMessage: from=joice.joseph@tothenew.com; replyTo=null; to=mohid8312@breazeim.com; cc=; bcc=; sentDate=null; subject=Account Activation | Dummy Ecommerce Application; text=Hi Name,\n\n We're excited to have you get started. Your account is currently pending approval. \n\n- Team 'Dummy Ecommerce Application'""; line: 1, column: 1]
	at com.fasterxml.jackson.databind.exc.MismatchedInputException.from(MismatchedInputException.java:63)
	at com.fasterxml.jackson.databind.DeserializationContext.reportInputMismatch(DeserializationContext.java:1728)
	at com.fasterxml.jackson.databind.DeserializationContext.handleMissingInstantiator(DeserializationContext.java:1353)
	at com.fasterxml.jackson.databind.deser.std.StdDeserializer._deserializeFromString(StdDeserializer.java:311)
	at com.fasterxml.jackson.databind.deser.BeanDeserializerBase.deserializeFromString(BeanDeserializerBase.java:1495)
	at com.fasterxml.jackson.databind.deser.BeanDeserializer._deserializeOther(BeanDeserializer.java:197)
	at com.fasterxml.jackson.databind.deser.BeanDeserializer.deserialize(BeanDeserializer.java:187)
	at com.fasterxml.jackson.databind.deser.DefaultDeserializationContext.readRootValue(DefaultDeserializationContext.java:323)
	at com.fasterxml.jackson.databind.ObjectMapper._readMapAndClose(ObjectMapper.java:4674)
	at com.fasterxml.jackson.databind.ObjectMapper.readValue(ObjectMapper.java:3629)
	at org.springframework.amqp.support.converter.AbstractJackson2MessageConverter.convertBytesToObject(AbstractJackson2MessageConverter.java:428)
	at org.springframework.amqp.support.converter.AbstractJackson2MessageConverter.convertContent(AbstractJackson2MessageConverter.java:395)
	at org.springframework.amqp.support.converter.AbstractJackson2MessageConverter.doFromMessage(AbstractJackson2MessageConverter.java:364)
	... 18 common frames omitted
03-02-2023 09:16:42  WARN org.springframework.amqp.rabbit.listener.ConditionalRejectingErrorHandler$DefaultExceptionStrategy [org.springframework.amqp.rabbit.RabbitListenerEndpointContainer#0-1] Fatal message conversion error; message rejected; it will be dropped or routed to a dead letter exchange, if so configured: (Body:'[B@47ce86b8(byte[319])' MessageProperties [headers={__TypeId__=java.lang.String}, contentType=application/json, contentEncoding=UTF-8, contentLength=0, receivedDeliveryMode=PERSISTENT, priority=0, redelivered=false, receivedExchange=mailExchange, receivedRoutingKey=mailRoutingKey, deliveryTag=1, consumerTag=amq.ctag-0yVasL1xNDb4DfnnlLTJmw, consumerQueue=mailQueue])
03-02-2023 09:16:42  ERROR org.springframework.amqp.rabbit.listener.SimpleMessageListenerContainer [org.springframework.amqp.rabbit.RabbitListenerEndpointContainer#0-1] Execution of Rabbit message listener failed, and the error handler threw an exception
org.springframework.amqp.AmqpRejectAndDontRequeueException: Error Handler converted exception to fatal
	at org.springframework.amqp.rabbit.listener.ConditionalRejectingErrorHandler.handleError(ConditionalRejectingErrorHandler.java:146)
	at org.springframework.amqp.rabbit.listener.AbstractMessageListenerContainer.invokeErrorHandler(AbstractMessageListenerContainer.java:1474)
	at org.springframework.amqp.rabbit.listener.AbstractMessageListenerContainer.handleListenerException(AbstractMessageListenerContainer.java:1758)
	at org.springframework.amqp.rabbit.listener.AbstractMessageListenerContainer.executeListener(AbstractMessageListenerContainer.java:1533)
	at org.springframework.amqp.rabbit.listener.SimpleMessageListenerContainer.doReceiveAndExecute(SimpleMessageListenerContainer.java:994)
	at org.springframework.amqp.rabbit.listener.SimpleMessageListenerContainer.receiveAndExecute(SimpleMessageListenerContainer.java:941)
	at org.springframework.amqp.rabbit.listener.SimpleMessageListenerContainer.access$1600(SimpleMessageListenerContainer.java:85)
	at org.springframework.amqp.rabbit.listener.SimpleMessageListenerContainer$AsyncMessageProcessingConsumer.mainLoop(SimpleMessageListenerContainer.java:1319)
	at org.springframework.amqp.rabbit.listener.SimpleMessageListenerContainer$AsyncMessageProcessingConsumer.run(SimpleMessageListenerContainer.java:1225)
	at java.base/java.lang.Thread.run(Thread.java:833)
Caused by: org.springframework.amqp.rabbit.support.ListenerExecutionFailedException: Failed to convert message
	at org.springframework.amqp.rabbit.listener.adapter.MessagingMessageListenerAdapter.onMessage(MessagingMessageListenerAdapter.java:157)
	at org.springframework.amqp.rabbit.listener.AbstractMessageListenerContainer.doInvokeListener(AbstractMessageListenerContainer.java:1670)
	at org.springframework.amqp.rabbit.listener.AbstractMessageListenerContainer.actualInvokeListener(AbstractMessageListenerContainer.java:1589)
	at org.springframework.amqp.rabbit.listener.AbstractMessageListenerContainer.invokeListener(AbstractMessageListenerContainer.java:1577)
	at org.springframework.amqp.rabbit.listener.AbstractMessageListenerContainer.doExecuteListener(AbstractMessageListenerContainer.java:1568)
	at org.springframework.amqp.rabbit.listener.AbstractMessageListenerContainer.executeListener(AbstractMessageListenerContainer.java:1512)
	... 6 common frames omitted
Caused by: org.springframework.amqp.support.converter.MessageConversionException: Failed to convert Message content
	at org.springframework.amqp.support.converter.AbstractJackson2MessageConverter.doFromMessage(AbstractJackson2MessageConverter.java:367)
	at org.springframework.amqp.support.converter.AbstractJackson2MessageConverter.fromMessage(AbstractJackson2MessageConverter.java:321)
	at org.springframework.amqp.support.converter.AbstractJackson2MessageConverter.fromMessage(AbstractJackson2MessageConverter.java:304)
	at org.springframework.amqp.rabbit.listener.adapter.AbstractAdaptableMessageListener.extractMessage(AbstractAdaptableMessageListener.java:343)
	at org.springframework.amqp.rabbit.listener.adapter.MessagingMessageListenerAdapter$MessagingMessageConverterAdapter.extractPayload(MessagingMessageListenerAdapter.java:367)
	at org.springframework.amqp.support.converter.MessagingMessageConverter.fromMessage(MessagingMessageConverter.java:132)
	at org.springframework.amqp.rabbit.listener.adapter.MessagingMessageListenerAdapter.toMessagingMessage(MessagingMessageListenerAdapter.java:244)
	at org.springframework.amqp.rabbit.listener.adapter.MessagingMessageListenerAdapter.onMessage(MessagingMessageListenerAdapter.java:147)
	... 11 common frames omitted
Caused by: com.fasterxml.jackson.databind.exc.MismatchedInputException: Cannot construct instance of `org.springframework.mail.SimpleMailMessage` (although at least one Creator exists): no String-argument constructor/factory method to deserialize from String value ('SimpleMailMessage: from=joice.joseph@tothenew.com; replyTo=null; to=mohid8312@breazeim.com; cc=; bcc=; sentDate=null; subject=Account Activation | Dummy Ecommerce Application; text=Hi Name,

 We're excited to have you get started. Your account is currently pending approval. 

- Team 'Dummy Ecommerce Application'')
 at [Source: (String)""SimpleMailMessage: from=joice.joseph@tothenew.com; replyTo=null; to=mohid8312@breazeim.com; cc=; bcc=; sentDate=null; subject=Account Activation | Dummy Ecommerce Application; text=Hi Name,\n\n We're excited to have you get started. Your account is currently pending approval. \n\n- Team 'Dummy Ecommerce Application'""; line: 1, column: 1]
	at com.fasterxml.jackson.databind.exc.MismatchedInputException.from(MismatchedInputException.java:63)
	at com.fasterxml.jackson.databind.DeserializationContext.reportInputMismatch(DeserializationContext.java:1728)
	at com.fasterxml.jackson.databind.DeserializationContext.handleMissingInstantiator(DeserializationContext.java:1353)
	at com.fasterxml.jackson.databind.deser.std.StdDeserializer._deserializeFromString(StdDeserializer.java:311)
	at com.fasterxml.jackson.databind.deser.BeanDeserializerBase.deserializeFromString(BeanDeserializerBase.java:1495)
	at com.fasterxml.jackson.databind.deser.BeanDeserializer._deserializeOther(BeanDeserializer.java:197)
	at com.fasterxml.jackson.databind.deser.BeanDeserializer.deserialize(BeanDeserializer.java:187)
	at com.fasterxml.jackson.databind.deser.DefaultDeserializationContext.readRootValue(DefaultDeserializationContext.java:323)
	at com.fasterxml.jackson.databind.ObjectMapper._readMapAndClose(ObjectMapper.java:4674)
	at com.fasterxml.jackson.databind.ObjectMapper.readValue(ObjectMapper.java:3629)
	at org.springframework.amqp.support.converter.AbstractJackson2MessageConverter.convertBytesToObject(AbstractJackson2MessageConverter.java:428)
	at org.springframework.amqp.support.converter.AbstractJackson2MessageConverter.convertContent(AbstractJackson2MessageConverter.java:395)
	at org.springframework.amqp.support.converter.AbstractJackson2MessageConverter.doFromMessage(AbstractJackson2MessageConverter.java:364)
	... 18 common frames omitted
03-02-2023 09:27:45  INFO org.springframework.amqp.rabbit.listener.SimpleMessageListenerContainer [org.springframework.amqp.rabbit.RabbitListenerEndpointContainer#0-2] Waiting for workers to finish.
03-02-2023 09:27:46  INFO org.springframework.amqp.rabbit.listener.SimpleMessageListenerContainer [org.springframework.amqp.rabbit.RabbitListenerEndpointContainer#0-2] Successfully waited for workers to finish.
03-02-2023 09:27:46  INFO org.springframework.amqp.rabbit.listener.SimpleMessageListenerContainer [SpringApplicationShutdownHook] Shutdown ignored - container is already stopped
03-02-2023 09:27:46  INFO org.springframework.orm.jpa.LocalContainerEntityManagerFactoryBean [SpringApplicationShutdownHook] Closing JPA EntityManagerFactory for persistence unit 'default'
03-02-2023 09:27:51  INFO com.ttn.ecommerce.ECommerceApplication [restartedMain] Starting ECommerceApplication using Java 17.0.4.1 on TTNPL-joicevjoseph with PID 117804 (/home/joice/e-commerce/target/classes started by joice in /home/joice/e-commerce)
03-02-2023 09:27:51  DEBUG com.ttn.ecommerce.ECommerceApplication [restartedMain] Running with Spring Boot v2.7.5, Spring v5.3.23
03-02-2023 09:27:51  INFO com.ttn.ecommerce.ECommerceApplication [restartedMain] No active profile set, falling back to 1 default profile: "default"
03-02-2023 09:27:51  INFO org.springframework.boot.devtools.env.DevToolsPropertyDefaultsPostProcessor [restartedMain] Devtools property defaults active! Set 'spring.devtools.add-properties' to 'false' to disable
03-02-2023 09:27:51  INFO org.springframework.boot.devtools.env.DevToolsPropertyDefaultsPostProcessor [restartedMain] For additional web related logging consider setting the 'logging.level.web' property to 'DEBUG'
03-02-2023 09:27:52  INFO org.springframework.data.repository.config.RepositoryConfigurationDelegate [restartedMain] Bootstrapping Spring Data JPA repositories in DEFAULT mode.
03-02-2023 09:27:52  INFO org.springframework.data.repository.config.RepositoryConfigurationDelegate [restartedMain] Finished Spring Data repository scanning in 93 ms. Found 11 JPA repository interfaces.
03-02-2023 09:27:53  INFO org.springframework.boot.web.embedded.tomcat.TomcatWebServer [restartedMain] Tomcat initialized with port(s): 6587 (http)
03-02-2023 09:27:53  INFO org.apache.catalina.core.StandardService [restartedMain] Starting service [Tomcat]
03-02-2023 09:27:53  INFO org.apache.catalina.core.StandardEngine [restartedMain] Starting Servlet engine: [Apache Tomcat/9.0.68]
03-02-2023 09:27:53  INFO org.apache.catalina.core.ContainerBase.[Tomcat].[localhost].[/] [restartedMain] Initializing Spring embedded WebApplicationContext
03-02-2023 09:27:53  INFO org.springframework.boot.web.servlet.context.ServletWebServerApplicationContext [restartedMain] Root WebApplicationContext: initialization completed in 2413 ms
03-02-2023 09:27:53  INFO org.hibernate.jpa.internal.util.LogHelper [restartedMain] HHH000204: Processing PersistenceUnitInfo [name: default]
03-02-2023 09:27:53  INFO org.hibernate.Version [restartedMain] HHH000412: Hibernate ORM core version 5.6.12.Final
03-02-2023 09:27:54  INFO org.hibernate.annotations.common.Version [restartedMain] HCANN000001: Hibernate Commons Annotations {5.1.2.Final}
03-02-2023 09:27:54  INFO org.hibernate.dialect.Dialect [restartedMain] HHH000400: Using dialect: org.hibernate.dialect.MySQL8Dialect
03-02-2023 09:27:55  INFO org.hibernate.engine.transaction.jta.platform.internal.JtaPlatformInitiator [restartedMain] HHH000490: Using JtaPlatform implementation: [org.hibernate.engine.transaction.jta.platform.internal.NoJtaPlatform]
03-02-2023 09:27:55  INFO org.springframework.orm.jpa.LocalContainerEntityManagerFactoryBean [restartedMain] Initialized JPA EntityManagerFactory for persistence unit 'default'
03-02-2023 09:27:56  WARN org.springframework.boot.autoconfigure.orm.jpa.JpaBaseConfiguration$JpaWebConfiguration [restartedMain] spring.jpa.open-in-view is enabled by default. Therefore, database queries may be performed during view rendering. Explicitly configure spring.jpa.open-in-view to disable this warning
03-02-2023 09:27:57  INFO org.springframework.security.web.DefaultSecurityFilterChain [restartedMain] Will secure Or [Ant [pattern='/oauth/token'], Ant [pattern='/oauth/token_key'], Ant [pattern='/oauth/check_token']] with [org.springframework.security.web.session.DisableEncodeUrlFilter@16cce017, org.springframework.security.web.context.request.async.WebAsyncManagerIntegrationFilter@4886ec31, org.springframework.security.web.context.SecurityContextPersistenceFilter@88b3daf, org.springframework.security.web.header.HeaderWriterFilter@9b46f68, org.springframework.security.web.authentication.logout.LogoutFilter@28593d0a, org.springframework.security.web.authentication.www.BasicAuthenticationFilter@47790018, org.springframework.security.web.savedrequest.RequestCacheAwareFilter@70d6a063, org.springframework.security.web.servletapi.SecurityContextHolderAwareRequestFilter@7a8f805f, org.springframework.security.web.authentication.AnonymousAuthenticationFilter@3ca60769, org.springframework.security.web.session.SessionManagementFilter@cbec38b, org.springframework.security.web.access.ExceptionTranslationFilter@5fdd3695, org.springframework.security.web.access.intercept.FilterSecurityInterceptor@46ba60ad]
03-02-2023 09:27:57  INFO org.springframework.security.web.DefaultSecurityFilterChain [restartedMain] Will secure org.springframework.security.oauth2.config.annotation.web.configuration.ResourceServerConfiguration$NotOAuthRequestMatcher@279cc734 with [org.springframework.security.web.session.DisableEncodeUrlFilter@3d721b80, org.springframework.security.web.context.request.async.WebAsyncManagerIntegrationFilter@361d3b2a, org.springframework.security.web.context.SecurityContextPersistenceFilter@27337e25, org.springframework.security.web.header.HeaderWriterFilter@38108a5, org.springframework.security.web.authentication.logout.LogoutFilter@33258e4f, org.springframework.security.oauth2.provider.authentication.OAuth2AuthenticationProcessingFilter@75d2b3e, org.springframework.security.web.savedrequest.RequestCacheAwareFilter@3d3bba3c, org.springframework.security.web.servletapi.SecurityContextHolderAwareRequestFilter@36f4491e, org.springframework.security.web.authentication.AnonymousAuthenticationFilter@790aa650, org.springframework.security.web.session.SessionManagementFilter@1ac47a45, org.springframework.security.web.access.ExceptionTranslationFilter@23473aad, org.springframework.security.web.access.intercept.FilterSecurityInterceptor@77c703ea]
03-02-2023 09:27:57  INFO org.springframework.security.web.DefaultSecurityFilterChain [restartedMain] Will secure any request with [org.springframework.security.web.session.DisableEncodeUrlFilter@19e4f855, org.springframework.security.web.context.request.async.WebAsyncManagerIntegrationFilter@1dc0092, org.springframework.security.web.context.SecurityContextPersistenceFilter@6ec22874, org.springframework.security.web.header.HeaderWriterFilter@2f7756e4, org.springframework.security.web.csrf.CsrfFilter@8307d9a, org.springframework.security.web.authentication.logout.LogoutFilter@d780757, org.springframework.security.web.authentication.UsernamePasswordAuthenticationFilter@1e70b309, org.springframework.security.web.authentication.ui.DefaultLoginPageGeneratingFilter@53b543ee, org.springframework.security.web.authentication.ui.DefaultLogoutPageGeneratingFilter@1a2f135b, org.springframework.security.web.authentication.www.BasicAuthenticationFilter@33952014, org.springframework.security.web.savedrequest.RequestCacheAwareFilter@99510ea, org.springframework.security.web.servletapi.SecurityContextHolderAwareRequestFilter@1c40a74a, org.springframework.security.web.authentication.AnonymousAuthenticationFilter@20058a, org.springframework.security.web.session.SessionManagementFilter@659555f1, org.springframework.security.web.access.ExceptionTranslationFilter@17de0dd3, org.springframework.security.web.access.intercept.FilterSecurityInterceptor@56f9db20]
03-02-2023 09:27:58  INFO org.springframework.boot.devtools.autoconfigure.OptionalLiveReloadServer [restartedMain] LiveReload server is running on port 35729
03-02-2023 09:27:58  INFO org.springframework.boot.web.embedded.tomcat.TomcatWebServer [restartedMain] Tomcat started on port(s): 6587 (http) with context path ''
03-02-2023 09:27:58  INFO org.springframework.amqp.rabbit.connection.CachingConnectionFactory [restartedMain] Attempting to connect to: [localhost:5672]
03-02-2023 09:27:59  INFO org.springframework.amqp.rabbit.connection.CachingConnectionFactory [restartedMain] Created new connection: rabbitConnectionFactory#4950646:0/SimpleConnection@349ad4d9 [delegate=amqp://guest@127.0.0.1:5672/, localPort= 40928]
03-02-2023 09:27:59  INFO com.ttn.ecommerce.ECommerceApplication [restartedMain] Started ECommerceApplication in 8.365 seconds (JVM running for 8.998)
03-02-2023 09:27:59  INFO com.ttn.ecommerce.BootstrapCommandLineRunner [restartedMain] BootstrapCommandLineRunner::run execution started.
03-02-2023 09:27:59  INFO com.ttn.ecommerce.BootstrapCommandLineRunner [restartedMain] BootstrapCommandLineRunner::run execution ended.
03-02-2023 09:28:22  INFO org.apache.catalina.core.ContainerBase.[Tomcat].[localhost].[/] [http-nio-6587-exec-2] Initializing Spring DispatcherServlet 'dispatcherServlet'
03-02-2023 09:28:22  INFO org.springframework.web.servlet.DispatcherServlet [http-nio-6587-exec-2] Initializing Servlet 'dispatcherServlet'
03-02-2023 09:28:22  INFO org.springframework.web.servlet.DispatcherServlet [http-nio-6587-exec-2] Completed initialization in 2 ms
03-02-2023 09:28:22  WARN org.springframework.web.servlet.mvc.method.annotation.ExceptionHandlerExceptionResolver [http-nio-6587-exec-2] Resolved [org.springframework.web.bind.MethodArgumentNotValidException: Validation failed for argument [0] in public org.springframework.http.ResponseEntity<java.lang.String> com.ttn.ecommerce.controller.RegistrationController.registerUser(com.ttn.ecommerce.model.SellerDTO): [Field error in object 'sellerDTO' on field 'gst': rejected value [18AABCU9603R1TK]; codes [Pattern.sellerDTO.gst,Pattern.gst,Pattern.java.lang.String,Pattern]; arguments [org.springframework.context.support.DefaultMessageSourceResolvable: codes [sellerDTO.gst,gst]; arguments []; default message [gst],[Ljavax.validation.constraints.Pattern$Flag;@5ecea67c,^[0-9]{2}[A-Z]{5}[0-9]{4}[A-Z]{1}[1-9A-Z]{1}Z[0-9A-Z]{1}$]; default message [Enter a valid GST number]] ]
03-02-2023 09:28:31  INFO com.ttn.ecommerce.controller.RegistrationController [http-nio-6587-exec-4] RegistrationController::registerUser request body: SellerDTO(gst=18AABCU9603R1ZO, companyContact=9999999702, companyName=someComp1, address=com.ttn.ecommerce.model.AddressDTO@20e347e9)
03-02-2023 09:28:31  INFO com.ttn.ecommerce.service.RegistrationService [http-nio-6587-exec-4] RegistrationService::createSeller execution started.
03-02-2023 09:28:31  DEBUG com.ttn.ecommerce.service.RegistrationService [http-nio-6587-exec-4] RegistrationService::createSeller persisting seller to the database
03-02-2023 09:28:31  INFO com.ttn.ecommerce.service.EmailService [http-nio-6587-exec-4] EmailService::sendAwaitingApprovalMail execution started.
03-02-2023 09:28:31  DEBUG com.ttn.ecommerce.service.EmailService [http-nio-6587-exec-4] EmailService::sendAwaitingApprovalMail composing email to send
03-02-2023 09:28:31  INFO com.ttn.ecommerce.service.EmailService [http-nio-6587-exec-4] EmailService::sendAwaitingApprovalMail execution ended.
03-02-2023 09:28:31  INFO com.ttn.ecommerce.service.RegistrationService [http-nio-6587-exec-4] RegistrationService::createSeller execution ended.
03-02-2023 09:28:31  INFO com.ttn.ecommerce.controller.RegistrationController [http-nio-6587-exec-4] RegistrationController::registerUser response: Seller has been registered successfully. Awaiting approval for account activation.
03-02-2023 09:28:31  WARN org.springframework.amqp.rabbit.listener.ConditionalRejectingErrorHandler [org.springframework.amqp.rabbit.RabbitListenerEndpointContainer#0-1] Execution of Rabbit message listener failed.
org.springframework.amqp.rabbit.support.ListenerExecutionFailedException: Failed to convert message
	at org.springframework.amqp.rabbit.listener.adapter.MessagingMessageListenerAdapter.onMessage(MessagingMessageListenerAdapter.java:157)
	at org.springframework.amqp.rabbit.listener.AbstractMessageListenerContainer.doInvokeListener(AbstractMessageListenerContainer.java:1670)
	at org.springframework.amqp.rabbit.listener.AbstractMessageListenerContainer.actualInvokeListener(AbstractMessageListenerContainer.java:1589)
	at org.springframework.amqp.rabbit.listener.AbstractMessageListenerContainer.invokeListener(AbstractMessageListenerContainer.java:1577)
	at org.springframework.amqp.rabbit.listener.AbstractMessageListenerContainer.doExecuteListener(AbstractMessageListenerContainer.java:1568)
	at org.springframework.amqp.rabbit.listener.AbstractMessageListenerContainer.executeListener(AbstractMessageListenerContainer.java:1512)
	at org.springframework.amqp.rabbit.listener.SimpleMessageListenerContainer.doReceiveAndExecute(SimpleMessageListenerContainer.java:994)
	at org.springframework.amqp.rabbit.listener.SimpleMessageListenerContainer.receiveAndExecute(SimpleMessageListenerContainer.java:941)
	at org.springframework.amqp.rabbit.listener.SimpleMessageListenerContainer.access$1600(SimpleMessageListenerContainer.java:85)
	at org.springframework.amqp.rabbit.listener.SimpleMessageListenerContainer$AsyncMessageProcessingConsumer.mainLoop(SimpleMessageListenerContainer.java:1319)
	at org.springframework.amqp.rabbit.listener.SimpleMessageListenerContainer$AsyncMessageProcessingConsumer.run(SimpleMessageListenerContainer.java:1225)
	at java.base/java.lang.Thread.run(Thread.java:833)
Caused by: org.springframework.amqp.support.converter.MessageConversionException: Failed to convert Message content
	at org.springframework.amqp.support.converter.AbstractJackson2MessageConverter.doFromMessage(AbstractJackson2MessageConverter.java:367)
	at org.springframework.amqp.support.converter.AbstractJackson2MessageConverter.fromMessage(AbstractJackson2MessageConverter.java:321)
	at org.springframework.amqp.support.converter.AbstractJackson2MessageConverter.fromMessage(AbstractJackson2MessageConverter.java:304)
	at org.springframework.amqp.rabbit.listener.adapter.AbstractAdaptableMessageListener.extractMessage(AbstractAdaptableMessageListener.java:343)
	at org.springframework.amqp.rabbit.listener.adapter.MessagingMessageListenerAdapter$MessagingMessageConverterAdapter.extractPayload(MessagingMessageListenerAdapter.java:367)
	at org.springframework.amqp.support.converter.MessagingMessageConverter.fromMessage(MessagingMessageConverter.java:132)
	at org.springframework.amqp.rabbit.listener.adapter.MessagingMessageListenerAdapter.toMessagingMessage(MessagingMessageListenerAdapter.java:244)
	at org.springframework.amqp.rabbit.listener.adapter.MessagingMessageListenerAdapter.onMessage(MessagingMessageListenerAdapter.java:147)
	... 11 common frames omitted
Caused by: com.fasterxml.jackson.databind.exc.MismatchedInputException: Cannot deserialize value of type `java.lang.String` from Array value (token `JsonToken.START_ARRAY`)
 at [Source: (String)"{"from":"joice.joseph@tothenew.com","replyTo":null,"to":["mohid8312@breazem.com"],"cc":null,"bcc":null,"sentDate":null,"subject":"Account Activation | Dummy Ecommerce Application","text":"Hi Name,\n\n We're excited to have you get started. Your account is currently pending approval. \n\n- Team 'Dummy Ecommerce Application'"}"; line: 1, column: 57] (through reference chain: org.springframework.mail.SimpleMailMessage["to"])
	at com.fasterxml.jackson.databind.exc.MismatchedInputException.from(MismatchedInputException.java:59)
	at com.fasterxml.jackson.databind.DeserializationContext.reportInputMismatch(DeserializationContext.java:1741)
	at com.fasterxml.jackson.databind.DeserializationContext.handleUnexpectedToken(DeserializationContext.java:1515)
	at com.fasterxml.jackson.databind.deser.std.StdDeserializer._deserializeFromArray(StdDeserializer.java:222)
	at com.fasterxml.jackson.databind.deser.std.StringDeserializer.deserialize(StringDeserializer.java:46)
	at com.fasterxml.jackson.databind.deser.std.StringDeserializer.deserialize(StringDeserializer.java:11)
	at com.fasterxml.jackson.databind.deser.impl.MethodProperty.deserializeAndSet(MethodProperty.java:129)
	at com.fasterxml.jackson.databind.deser.BeanDeserializer.vanillaDeserialize(BeanDeserializer.java:314)
	at com.fasterxml.jackson.databind.deser.BeanDeserializer.deserialize(BeanDeserializer.java:177)
	at com.fasterxml.jackson.databind.deser.DefaultDeserializationContext.readRootValue(DefaultDeserializationContext.java:323)
	at com.fasterxml.jackson.databind.ObjectMapper._readMapAndClose(ObjectMapper.java:4674)
	at com.fasterxml.jackson.databind.ObjectMapper.readValue(ObjectMapper.java:3629)
	at org.springframework.amqp.support.converter.AbstractJackson2MessageConverter.convertBytesToObject(AbstractJackson2MessageConverter.java:428)
	at org.springframework.amqp.support.converter.AbstractJackson2MessageConverter.convertContent(AbstractJackson2MessageConverter.java:395)
	at org.springframework.amqp.support.converter.AbstractJackson2MessageConverter.doFromMessage(AbstractJackson2MessageConverter.java:364)
	... 18 common frames omitted
03-02-2023 09:28:31  WARN org.springframework.amqp.rabbit.listener.ConditionalRejectingErrorHandler$DefaultExceptionStrategy [org.springframework.amqp.rabbit.RabbitListenerEndpointContainer#0-1] Fatal message conversion error; message rejected; it will be dropped or routed to a dead letter exchange, if so configured: (Body:'[B@6b05cf0a(byte[326])' MessageProperties [headers={__TypeId__=org.springframework.mail.SimpleMailMessage}, contentType=application/json, contentEncoding=UTF-8, contentLength=0, receivedDeliveryMode=PERSISTENT, priority=0, redelivered=false, receivedExchange=mailExchange, receivedRoutingKey=mailRoutingKey, deliveryTag=1, consumerTag=amq.ctag-eHFDjigWzoqfCdltZ3IncA, consumerQueue=mailQueue])
03-02-2023 09:28:31  ERROR org.springframework.amqp.rabbit.listener.SimpleMessageListenerContainer [org.springframework.amqp.rabbit.RabbitListenerEndpointContainer#0-1] Execution of Rabbit message listener failed, and the error handler threw an exception
org.springframework.amqp.AmqpRejectAndDontRequeueException: Error Handler converted exception to fatal
	at org.springframework.amqp.rabbit.listener.ConditionalRejectingErrorHandler.handleError(ConditionalRejectingErrorHandler.java:146)
	at org.springframework.amqp.rabbit.listener.AbstractMessageListenerContainer.invokeErrorHandler(AbstractMessageListenerContainer.java:1474)
	at org.springframework.amqp.rabbit.listener.AbstractMessageListenerContainer.handleListenerException(AbstractMessageListenerContainer.java:1758)
	at org.springframework.amqp.rabbit.listener.AbstractMessageListenerContainer.executeListener(AbstractMessageListenerContainer.java:1533)
	at org.springframework.amqp.rabbit.listener.SimpleMessageListenerContainer.doReceiveAndExecute(SimpleMessageListenerContainer.java:994)
	at org.springframework.amqp.rabbit.listener.SimpleMessageListenerContainer.receiveAndExecute(SimpleMessageListenerContainer.java:941)
	at org.springframework.amqp.rabbit.listener.SimpleMessageListenerContainer.access$1600(SimpleMessageListenerContainer.java:85)
	at org.springframework.amqp.rabbit.listener.SimpleMessageListenerContainer$AsyncMessageProcessingConsumer.mainLoop(SimpleMessageListenerContainer.java:1319)
	at org.springframework.amqp.rabbit.listener.SimpleMessageListenerContainer$AsyncMessageProcessingConsumer.run(SimpleMessageListenerContainer.java:1225)
	at java.base/java.lang.Thread.run(Thread.java:833)
Caused by: org.springframework.amqp.rabbit.support.ListenerExecutionFailedException: Failed to convert message
	at org.springframework.amqp.rabbit.listener.adapter.MessagingMessageListenerAdapter.onMessage(MessagingMessageListenerAdapter.java:157)
	at org.springframework.amqp.rabbit.listener.AbstractMessageListenerContainer.doInvokeListener(AbstractMessageListenerContainer.java:1670)
	at org.springframework.amqp.rabbit.listener.AbstractMessageListenerContainer.actualInvokeListener(AbstractMessageListenerContainer.java:1589)
	at org.springframework.amqp.rabbit.listener.AbstractMessageListenerContainer.invokeListener(AbstractMessageListenerContainer.java:1577)
	at org.springframework.amqp.rabbit.listener.AbstractMessageListenerContainer.doExecuteListener(AbstractMessageListenerContainer.java:1568)
	at org.springframework.amqp.rabbit.listener.AbstractMessageListenerContainer.executeListener(AbstractMessageListenerContainer.java:1512)
	... 6 common frames omitted
Caused by: org.springframework.amqp.support.converter.MessageConversionException: Failed to convert Message content
	at org.springframework.amqp.support.converter.AbstractJackson2MessageConverter.doFromMessage(AbstractJackson2MessageConverter.java:367)
	at org.springframework.amqp.support.converter.AbstractJackson2MessageConverter.fromMessage(AbstractJackson2MessageConverter.java:321)
	at org.springframework.amqp.support.converter.AbstractJackson2MessageConverter.fromMessage(AbstractJackson2MessageConverter.java:304)
	at org.springframework.amqp.rabbit.listener.adapter.AbstractAdaptableMessageListener.extractMessage(AbstractAdaptableMessageListener.java:343)
	at org.springframework.amqp.rabbit.listener.adapter.MessagingMessageListenerAdapter$MessagingMessageConverterAdapter.extractPayload(MessagingMessageListenerAdapter.java:367)
	at org.springframework.amqp.support.converter.MessagingMessageConverter.fromMessage(MessagingMessageConverter.java:132)
	at org.springframework.amqp.rabbit.listener.adapter.MessagingMessageListenerAdapter.toMessagingMessage(MessagingMessageListenerAdapter.java:244)
	at org.springframework.amqp.rabbit.listener.adapter.MessagingMessageListenerAdapter.onMessage(MessagingMessageListenerAdapter.java:147)
	... 11 common frames omitted
Caused by: com.fasterxml.jackson.databind.exc.MismatchedInputException: Cannot deserialize value of type `java.lang.String` from Array value (token `JsonToken.START_ARRAY`)
 at [Source: (String)"{"from":"joice.joseph@tothenew.com","replyTo":null,"to":["mohid8312@breazem.com"],"cc":null,"bcc":null,"sentDate":null,"subject":"Account Activation | Dummy Ecommerce Application","text":"Hi Name,\n\n We're excited to have you get started. Your account is currently pending approval. \n\n- Team 'Dummy Ecommerce Application'"}"; line: 1, column: 57] (through reference chain: org.springframework.mail.SimpleMailMessage["to"])
	at com.fasterxml.jackson.databind.exc.MismatchedInputException.from(MismatchedInputException.java:59)
	at com.fasterxml.jackson.databind.DeserializationContext.reportInputMismatch(DeserializationContext.java:1741)
	at com.fasterxml.jackson.databind.DeserializationContext.handleUnexpectedToken(DeserializationContext.java:1515)
	at com.fasterxml.jackson.databind.deser.std.StdDeserializer._deserializeFromArray(StdDeserializer.java:222)
	at com.fasterxml.jackson.databind.deser.std.StringDeserializer.deserialize(StringDeserializer.java:46)
	at com.fasterxml.jackson.databind.deser.std.StringDeserializer.deserialize(StringDeserializer.java:11)
	at com.fasterxml.jackson.databind.deser.impl.MethodProperty.deserializeAndSet(MethodProperty.java:129)
	at com.fasterxml.jackson.databind.deser.BeanDeserializer.vanillaDeserialize(BeanDeserializer.java:314)
	at com.fasterxml.jackson.databind.deser.BeanDeserializer.deserialize(BeanDeserializer.java:177)
	at com.fasterxml.jackson.databind.deser.DefaultDeserializationContext.readRootValue(DefaultDeserializationContext.java:323)
	at com.fasterxml.jackson.databind.ObjectMapper._readMapAndClose(ObjectMapper.java:4674)
	at com.fasterxml.jackson.databind.ObjectMapper.readValue(ObjectMapper.java:3629)
	at org.springframework.amqp.support.converter.AbstractJackson2MessageConverter.convertBytesToObject(AbstractJackson2MessageConverter.java:428)
	at org.springframework.amqp.support.converter.AbstractJackson2MessageConverter.convertContent(AbstractJackson2MessageConverter.java:395)
	at org.springframework.amqp.support.converter.AbstractJackson2MessageConverter.doFromMessage(AbstractJackson2MessageConverter.java:364)
	... 18 common frames omitted
